<?xml version="1.0" encoding="UTF-8"?>
<!-- Generated by org.testng.reporters.JUnitXMLReporter -->
<testsuite hostname="ip-172-31-25-169" ignored="0" name="SimplilearnTest" tests="4" failures="1" timestamp="2022-01-29T16:36:12 UTC" time="0.196" errors="0">
  <testcase name="testMethod2" time="0.009" classname="com.main.FirstClassinMaven">
    <failure type="java.lang.AssertionError" message="null">
      <![CDATA[java.lang.AssertionError: null
at com.main.FirstClassinMaven.testMethod2(FirstClassinMaven.java:27)
at java.util.ArrayList.forEach(ArrayList.java:1259)
... Removed 29 stack frames]]>
    </failure>
  </testcase> <!-- testMethod2 -->
  <testcase name="testMethod1" time="0.002" classname="com.main.FirstClassinMaven"/>
  <testcase name="testMethod3" time="0.0" classname="com.main.FirstClassinMaven">
    <skipped/>
  </testcase> <!-- testMethod3 -->
  <testcase name="secondclassmethod" time="0.001" classname="com.main.SecondClass"/>
</testsuite> <!-- SimplilearnTest -->
